<?xml version="1.0" encoding="UTF-8"?>
<!-- Generated by org.testng.reporters.JUnitReportReporter -->
<testsuite skipped="0" hostname="LAPTOP-9BRF6VVP" name="com.training.regression.tests.loginExcel_W3RE_066" tests="3" failures="0" timestamp="2019-09-25T17:09:32 IST" time="17.942" errors="0">
  <testcase name="checkdata" time="2.579" classname="com.training.regression.tests.loginExcel_W3RE_066"/>
  <testcase name="rundata" time="11.424" classname="com.training.regression.tests.loginExcel_W3RE_066"/>
  <testcase name="rundata" time="3.939" classname="com.training.regression.tests.loginExcel_W3RE_066"/>
</testsuite> <!-- com.training.regression.tests.loginExcel_W3RE_066 -->
