<?xml version="1.0" encoding="UTF-8"?>
<!-- Generated by org.testng.reporters.JUnitReportReporter -->
<testsuite skipped="0" hostname="LAPTOP-9BRF6VVP" name="com.training.regression.tests.LoginDBTest" tests="2" failures="0" timestamp="2019-09-24T11:59:19 IST" time="33.235" errors="0">
  <testcase name="loginDBTest" time="16.988" classname="com.training.regression.tests.LoginDBTest"/>
  <testcase name="loginDBTest" time="16.247" classname="com.training.regression.tests.LoginDBTest"/>
</testsuite> <!-- com.training.regression.tests.LoginDBTest -->
