<?xml version="1.0" encoding="UTF-8"?>
<!-- Generated by org.testng.reporters.JUnitReportReporter -->
<testsuite skipped="0" hostname="LAPTOP-9BRF6VVP" name="com.training.sanity.tests.W2clickpost1" tests="1" failures="0" timestamp="2019-09-23T11:46:18 IST" time="30.622" errors="0">
  <testcase name="validLoginTest" time="30.622" classname="com.training.sanity.tests.W2clickpost1"/>
</testsuite> <!-- com.training.sanity.tests.W2clickpost1 -->
