<?xml version="1.0" encoding="UTF-8"?>
<!-- Generated by org.testng.reporters.JUnitReportReporter -->
<testsuite skipped="0" hostname="LAPTOP-9BRF6VVP" name="com.training.sanity.tests.W2clickVillastab" tests="1" failures="0" timestamp="2019-09-21T22:13:28 IST" time="30.239" errors="0">
  <testcase name="validLoginTest" time="30.239" classname="com.training.sanity.tests.W2clickVillastab"/>
</testsuite> <!-- com.training.sanity.tests.W2clickVillastab -->
